# JRE version: OpenJDK Runtime Environment (21.0.5) (build 21.0.5+-12932927-b750.29)
# Java VM: OpenJDK 64-Bit Server VM (21.0.5+-12932927-b750.29, mixed mode, tiered, compressed oops, compressed class ptrs, g1 gc, windows-amd64)
GC Precious Log:
 CardTable entry size: 512
 Card Set container configuration: InlinePtr #cards 5 size 8 Array Of Cards #cards 12 size 40 Howl #buckets 4 coarsen threshold 1843 Howl Bitmap #cards 512 size 80 coarsen threshold 460 Card regions per heap region 1 cards per card region 2048
 CPUs: 8 total, 8 available
 Memory: 32495M
 Large Page Support: Disabled
 NUMA Support: Disabled
 Compressed Oops: Enabled (32-bit)
 Heap Region Size: 1M
 Heap Min Capacity: 8M
 Heap Initial Capacity: 508M
 Heap Max Capacity: 2G
 Pre-touch: Disabled
 Parallel Workers: 8
 Concurrent Workers: 2
 Concurrent Refinement Workers: 8
 Periodic GC: Disabled
Heap:
 garbage-first heap   total 413696K, used 365399K [0x0000000080000000, 0x0000000100000000)
  region size 1024K, 87 young (89088K), 2 survivors (2048K)
 Metaspace       used 213038K, committed 216000K, reserved 1245184K
  class space    used 27096K, committed 28608K, reserved 1048576K
GC Heap History (20 events):
Event: 36.775 GC heap before
{Heap before GC invocations=40 (full 0):
 garbage-first heap   total 336896K, used 305716K [0x0000000080000000, 0x0000000100000000)
  region size 1024K, 119 young (121856K), 13 survivors (13312K)
 Metaspace       used 188492K, committed 191232K, reserved 1245184K
  class space    used 24015K, committed 25408K, reserved 1048576K
}
Event: 36.789 GC heap after
{Heap after GC invocations=41 (full 0):
 garbage-first heap   total 336896K, used 204319K [0x0000000080000000, 0x0000000100000000)
  region size 1024K, 15 young (15360K), 15 survivors (15360K)
 Metaspace       used 188492K, committed 191232K, reserved 1245184K
  class space    used 24015K, committed 25408K, reserved 1048576K
}
Event: 1515.412 GC heap before
{Heap before GC invocations=42 (full 0):
 garbage-first heap   total 342016K, used 302623K [0x0000000080000000, 0x0000000100000000)
  region size 1024K, 111 young (113664K), 15 survivors (15360K)
 Metaspace       used 189916K, committed 192768K, reserved 1245184K
  class space    used 24183K, committed 25664K, reserved 1048576K
}
Event: 1515.424 GC heap after
{Heap after GC invocations=43 (full 0):
 garbage-first heap   total 342016K, used 209257K [0x0000000080000000, 0x0000000100000000)
  region size 1024K, 5 young (5120K), 5 survivors (5120K)
 Metaspace       used 189916K, committed 192768K, reserved 1245184K
  class space    used 24183K, committed 25664K, reserved 1048576K
}
Event: 1517.065 GC heap before
{Heap before GC invocations=43 (full 0):
 garbage-first heap   total 342016K, used 316777K [0x0000000080000000, 0x0000000100000000)
  region size 1024K, 111 young (113664K), 5 survivors (5120K)
 Metaspace       used 195380K, committed 198272K, reserved 1245184K
  class space    used 24920K, committed 26368K, reserved 1048576K
}
Event: 1517.078 GC heap after
{Heap after GC invocations=44 (full 0):
 garbage-first heap   total 342016K, used 215317K [0x0000000080000000, 0x0000000100000000)
  region size 1024K, 14 young (14336K), 14 survivors (14336K)
 Metaspace       used 195380K, committed 198272K, reserved 1245184K
  class space    used 24920K, committed 26368K, reserved 1048576K
}
Event: 1517.502 GC heap before
{Heap before GC invocations=44 (full 0):
 garbage-first heap   total 342016K, used 237845K [0x0000000080000000, 0x0000000100000000)
  region size 1024K, 38 young (38912K), 14 survivors (14336K)
 Metaspace       used 195507K, committed 198400K, reserved 1245184K
  class space    used 24922K, committed 26368K, reserved 1048576K
}
Event: 1517.514 GC heap after
{Heap after GC invocations=45 (full 0):
 garbage-first heap   total 342016K, used 225583K [0x0000000080000000, 0x0000000100000000)
  region size 1024K, 10 young (10240K), 10 survivors (10240K)
 Metaspace       used 195507K, committed 198400K, reserved 1245184K
  class space    used 24922K, committed 26368K, reserved 1048576K
}
Event: 1519.913 GC heap before
{Heap before GC invocations=46 (full 0):
 garbage-first heap   total 393216K, used 341295K [0x0000000080000000, 0x0000000100000000)
  region size 1024K, 93 young (95232K), 10 survivors (10240K)
 Metaspace       used 196205K, committed 199168K, reserved 1245184K
  class space    used 24978K, committed 26432K, reserved 1048576K
}
Event: 1519.929 GC heap after
{Heap after GC invocations=47 (full 0):
 garbage-first heap   total 393216K, used 247584K [0x0000000080000000, 0x0000000100000000)
  region size 1024K, 12 young (12288K), 12 survivors (12288K)
 Metaspace       used 196205K, committed 199168K, reserved 1245184K
  class space    used 24978K, committed 26432K, reserved 1048576K
}
Event: 1520.736 GC heap before
{Heap before GC invocations=47 (full 0):
 garbage-first heap   total 393216K, used 340768K [0x0000000080000000, 0x0000000100000000)
  region size 1024K, 104 young (106496K), 12 survivors (12288K)
 Metaspace       used 199961K, committed 202880K, reserved 1245184K
  class space    used 25296K, committed 26752K, reserved 1048576K
}
Event: 1520.754 GC heap after
{Heap after GC invocations=48 (full 0):
 garbage-first heap   total 393216K, used 256844K [0x0000000080000000, 0x0000000100000000)
  region size 1024K, 12 young (12288K), 12 survivors (12288K)
 Metaspace       used 199961K, committed 202880K, reserved 1245184K
  class space    used 25296K, committed 26752K, reserved 1048576K
}
Event: 1521.730 GC heap before
{Heap before GC invocations=48 (full 0):
 garbage-first heap   total 393216K, used 347980K [0x0000000080000000, 0x0000000100000000)
  region size 1024K, 102 young (104448K), 12 survivors (12288K)
 Metaspace       used 201822K, committed 204800K, reserved 1245184K
  class space    used 25481K, committed 27008K, reserved 1048576K
}
Event: 1521.734 GC heap after
{Heap after GC invocations=49 (full 0):
 garbage-first heap   total 393216K, used 252839K [0x0000000080000000, 0x0000000100000000)
  region size 1024K, 4 young (4096K), 4 survivors (4096K)
 Metaspace       used 201822K, committed 204800K, reserved 1245184K
  class space    used 25481K, committed 27008K, reserved 1048576K
}
Event: 1523.004 GC heap before
{Heap before GC invocations=50 (full 0):
 garbage-first heap   total 396288K, used 332711K [0x0000000080000000, 0x0000000100000000)
  region size 1024K, 99 young (101376K), 4 survivors (4096K)
 Metaspace       used 204150K, committed 207104K, reserved 1245184K
  class space    used 25782K, committed 27264K, reserved 1048576K
}
Event: 1523.012 GC heap after
{Heap after GC invocations=51 (full 0):
 garbage-first heap   total 396288K, used 241827K [0x0000000080000000, 0x0000000100000000)
  region size 1024K, 9 young (9216K), 9 survivors (9216K)
 Metaspace       used 204150K, committed 207104K, reserved 1245184K
  class space    used 25782K, committed 27264K, reserved 1048576K
}
Event: 1523.752 GC heap before
{Heap before GC invocations=51 (full 0):
 garbage-first heap   total 396288K, used 361635K [0x0000000080000000, 0x0000000100000000)
  region size 1024K, 115 young (117760K), 9 survivors (9216K)
 Metaspace       used 207376K, committed 210368K, reserved 1245184K
  class space    used 26166K, committed 27648K, reserved 1048576K
}
Event: 1523.769 GC heap after
{Heap after GC invocations=52 (full 0):
 garbage-first heap   total 396288K, used 242831K [0x0000000080000000, 0x0000000100000000)
  region size 1024K, 15 young (15360K), 15 survivors (15360K)
 Metaspace       used 207376K, committed 210368K, reserved 1245184K
  class space    used 26166K, committed 27648K, reserved 1048576K
}
Event: 1524.051 GC heap before
{Heap before GC invocations=52 (full 0):
 garbage-first heap   total 396288K, used 281743K [0x0000000080000000, 0x0000000100000000)
  region size 1024K, 55 young (56320K), 15 survivors (15360K)
 Metaspace       used 209085K, committed 212096K, reserved 1245184K
  class space    used 26379K, committed 27904K, reserved 1048576K
}
Event: 1524.062 GC heap after
{Heap after GC invocations=53 (full 0):
 garbage-first heap   total 396288K, used 245591K [0x0000000080000000, 0x0000000100000000)
  region size 1024K, 2 young (2048K), 2 survivors (2048K)
 Metaspace       used 209085K, committed 212096K, reserved 1245184K
  class space    used 26379K, committed 27904K, reserved 1048576K
}

